Compilation failed:
    source file: 'D:/ISADORA/01_CREATION_DOCS/Giuseppe/node_modules/opencv-build/opencv/opencv/cmake/checks/cpu_avx512.cpp'
    check option: '    '
===== BUILD LOG =====
Change Dir: D:/ISADORA/01_CREATION_DOCS/Giuseppe/node_modules/opencv-build/opencv/build/CMakeFiles/CMakeTmp

Run Build Command(s):C:/Program Files (x86)/Microsoft Visual Studio/2017/BuildTools/MSBuild/15.0/Bin/MSBuild.exe cmTC_e7d07.vcxproj /p:Configuration=Release /p:Platform=x64 /p:VisualStudioVersion=15.0 /v:m && Microsoft (R) Build Engine version 15.9.21+g9802d43bc3 pour .NET Framework
Copyright (C) Microsoft Corporation. Tous droits réservés.

  Compilateur d'optimisation Microsoft (R) C/C++ version 19.16.27041 pour x64
  Copyright (C) Microsoft Corporation. Tous droits réservés.
  
  cl /c /W3 /WX- /diagnostics:classic /O2 /Ob2 /D WIN32 /D _WINDOWS /D NDEBUG /D "CMAKE_INTDIR=\"Release\"" /D _MBCS /Gm- /EHsc /MD /GS /fp:precise /Zc:wchar_t /Zc:forScope /Zc:inline /GR /Fo"cmTC_e7d07.dir\Release\\" /Fd"cmTC_e7d07.dir\Release\vc141.pdb" /Gd /TP /errorReport:queue "D:\ISADORA\01_CREATION_DOCS\Giuseppe\node_modules\opencv-build\opencv\opencv\cmake\checks\cpu_avx512.cpp"
  cpu_avx512.cpp
  
D:\ISADORA\01_CREATION_DOCS\Giuseppe\node_modules\opencv-build\opencv\opencv\cmake\checks\cpu_avx512.cpp(11): fatal error C1189: #error:  "AVX512 is not supported" [D:\ISADORA\01_CREATION_DOCS\Giuseppe\node_modules\opencv-build\opencv\build\CMakeFiles\CMakeTmp\cmTC_e7d07.vcxproj]


===== END =====

Compilation failed:
    source file: 'D:/ISADORA/01_CREATION_DOCS/Giuseppe/node_modules/opencv-build/opencv/opencv/cmake/checks/cpu_avx512skx.cpp'
    check option: '    '
===== BUILD LOG =====
Change Dir: D:/ISADORA/01_CREATION_DOCS/Giuseppe/node_modules/opencv-build/opencv/build/CMakeFiles/CMakeTmp

Run Build Command(s):C:/Program Files (x86)/Microsoft Visual Studio/2017/BuildTools/MSBuild/15.0/Bin/MSBuild.exe cmTC_cf98d.vcxproj /p:Configuration=Release /p:Platform=x64 /p:VisualStudioVersion=15.0 /v:m && Microsoft (R) Build Engine version 15.9.21+g9802d43bc3 pour .NET Framework
Copyright (C) Microsoft Corporation. Tous droits réservés.

  Compilateur d'optimisation Microsoft (R) C/C++ version 19.16.27041 pour x64
  Copyright (C) Microsoft Corporation. Tous droits réservés.
  
  cl /c /W3 /WX- /diagnostics:classic /O2 /Ob2 /D WIN32 /D _WINDOWS /D NDEBUG /D "CMAKE_INTDIR=\"Release\"" /D _MBCS /Gm- /EHsc /MD /GS /fp:precise /Zc:wchar_t /Zc:forScope /Zc:inline /GR /Fo"cmTC_cf98d.dir\Release\\" /Fd"cmTC_cf98d.dir\Release\vc141.pdb" /Gd /TP /errorReport:queue "D:\ISADORA\01_CREATION_DOCS\Giuseppe\node_modules\opencv-build\opencv\opencv\cmake\checks\cpu_avx512skx.cpp"
  cpu_avx512skx.cpp
  
D:\ISADORA\01_CREATION_DOCS\Giuseppe\node_modules\opencv-build\opencv\opencv\cmake\checks\cpu_avx512skx.cpp(15): fatal error C1189: #error:  "AVX512-SKX is not supported" [D:\ISADORA\01_CREATION_DOCS\Giuseppe\node_modules\opencv-build\opencv\build\CMakeFiles\CMakeTmp\cmTC_cf98d.vcxproj]


===== END =====

Determining if the function fseeko exists failed with the following output:
Change Dir: D:/ISADORA/01_CREATION_DOCS/Giuseppe/node_modules/opencv-build/opencv/build/CMakeFiles/CMakeTmp

Run Build Command(s):C:/Program Files (x86)/Microsoft Visual Studio/2017/BuildTools/MSBuild/15.0/Bin/MSBuild.exe cmTC_ae387.vcxproj /p:Configuration=Release /p:Platform=x64 /p:VisualStudioVersion=15.0 /v:m && Microsoft (R) Build Engine version 15.9.21+g9802d43bc3 pour .NET Framework
Copyright (C) Microsoft Corporation. Tous droits réservés.

  Compilateur d'optimisation Microsoft (R) C/C++ version 19.16.27041 pour x64
  Copyright (C) Microsoft Corporation. Tous droits réservés.
  
  cl /c /W3 /WX- /diagnostics:classic /MP8 /O2 /Ob2 /Oi /D WIN32 /D _WINDOWS /D _CRT_SECURE_NO_DEPRECATE /D _CRT_NONSTDC_NO_DEPRECATE /D _SCL_SECURE_NO_WARNINGS /D CHECK_FUNCTION_EXISTS=fseeko /D NDEBUG /D "CMAKE_INTDIR=\"Release\"" /D _MBCS /Gm- /MD /GS /Gy /fp:precise /Zc:wchar_t /Zc:forScope /Zc:inline /Fo"cmTC_ae387.dir\Release\\" /Fd"cmTC_ae387.dir\Release\vc141.pdb" /Gd /TC /errorReport:queue  /bigobj "C:\Program Files\CMake\share\cmake-3.18\Modules\CheckFunctionExists.c"
  CheckFunctionExists.c
  
CheckFunctionExists.obj : error LNK2019: symbole externe non rÚsolu fseeko rÚfÚrencÚ dans la fonction main [D:\ISADORA\01_CREATION_DOCS\Giuseppe\node_modules\opencv-build\opencv\build\CMakeFiles\CMakeTmp\cmTC_ae387.vcxproj]
D:\ISADORA\01_CREATION_DOCS\Giuseppe\node_modules\opencv-build\opencv\build\CMakeFiles\CMakeTmp\Release\cmTC_ae387.exe : fatal error LNK1120: 1 externes non rÚsolus [D:\ISADORA\01_CREATION_DOCS\Giuseppe\node_modules\opencv-build\opencv\build\CMakeFiles\CMakeTmp\cmTC_ae387.vcxproj]



Determining size of off64_t failed with the following output:
Change Dir: D:/ISADORA/01_CREATION_DOCS/Giuseppe/node_modules/opencv-build/opencv/build/CMakeFiles/CMakeTmp

Run Build Command(s):C:/Program Files (x86)/Microsoft Visual Studio/2017/BuildTools/MSBuild/15.0/Bin/MSBuild.exe cmTC_e8053.vcxproj /p:Configuration=Release /p:Platform=x64 /p:VisualStudioVersion=15.0 /v:m && Microsoft (R) Build Engine version 15.9.21+g9802d43bc3 pour .NET Framework
Copyright (C) Microsoft Corporation. Tous droits réservés.

  Compilateur d'optimisation Microsoft (R) C/C++ version 19.16.27041 pour x64
  Copyright (C) Microsoft Corporation. Tous droits réservés.
  
  cl /c /W3 /WX- /diagnostics:classic /MP8 /O2 /Ob2 /Oi /D WIN32 /D _WINDOWS /D _CRT_SECURE_NO_DEPRECATE /D _CRT_NONSTDC_NO_DEPRECATE /D _SCL_SECURE_NO_WARNINGS /D NDEBUG /D "CMAKE_INTDIR=\"Release\"" /D _MBCS /Gm- /MD /GS /Gy /fp:precise /Zc:wchar_t /Zc:forScope /Zc:inline /Fo"cmTC_e8053.dir\Release\\" /Fd"cmTC_e8053.dir\Release\vc141.pdb" /Gd /TC /errorReport:queue  /bigobj "D:\ISADORA\01_CREATION_DOCS\Giuseppe\node_modules\opencv-build\opencv\build\CMakeFiles\CheckTypeSize\OFF64_T.c"
  OFF64_T.c
  
D:\ISADORA\01_CREATION_DOCS\Giuseppe\node_modules\opencv-build\opencv\build\CMakeFiles\CheckTypeSize\OFF64_T.c(29): error C2065: 'off64_t' : identificateur non déclaré [D:\ISADORA\01_CREATION_DOCS\Giuseppe\node_modules\opencv-build\opencv\build\CMakeFiles\CMakeTmp\cmTC_e8053.vcxproj]
D:\ISADORA\01_CREATION_DOCS\Giuseppe\node_modules\opencv-build\opencv\build\CMakeFiles\CheckTypeSize\OFF64_T.c(30): error C2065: 'off64_t' : identificateur non déclaré [D:\ISADORA\01_CREATION_DOCS\Giuseppe\node_modules\opencv-build\opencv\build\CMakeFiles\CMakeTmp\cmTC_e8053.vcxproj]
D:\ISADORA\01_CREATION_DOCS\Giuseppe\node_modules\opencv-build\opencv\build\CMakeFiles\CheckTypeSize\OFF64_T.c(31): error C2065: 'off64_t' : identificateur non déclaré [D:\ISADORA\01_CREATION_DOCS\Giuseppe\node_modules\opencv-build\opencv\build\CMakeFiles\CMakeTmp\cmTC_e8053.vcxproj]
D:\ISADORA\01_CREATION_DOCS\Giuseppe\node_modules\opencv-build\opencv\build\CMakeFiles\CheckTypeSize\OFF64_T.c(32): error C2065: 'off64_t' : identificateur non déclaré [D:\ISADORA\01_CREATION_DOCS\Giuseppe\node_modules\opencv-build\opencv\build\CMakeFiles\CMakeTmp\cmTC_e8053.vcxproj]
D:\ISADORA\01_CREATION_DOCS\Giuseppe\node_modules\opencv-build\opencv\build\CMakeFiles\CheckTypeSize\OFF64_T.c(33): error C2065: 'off64_t' : identificateur non déclaré [D:\ISADORA\01_CREATION_DOCS\Giuseppe\node_modules\opencv-build\opencv\build\CMakeFiles\CMakeTmp\cmTC_e8053.vcxproj]


D:/ISADORA/01_CREATION_DOCS/Giuseppe/node_modules/opencv-build/opencv/build/CMakeFiles/CheckTypeSize/OFF64_T.c:
#include <sys/types.h>
#include <stdint.h>
#include <stddef.h>


#undef KEY
#if defined(__i386)
# define KEY '_','_','i','3','8','6'
#elif defined(__x86_64)
# define KEY '_','_','x','8','6','_','6','4'
#elif defined(__PPC64__)
# define KEY '_','_','P','P','C','6','4','_','_'
#elif defined(__ppc64__)
# define KEY '_','_','p','p','c','6','4','_','_'
#elif defined(__PPC__)
# define KEY '_','_','P','P','C','_','_'
#elif defined(__ppc__)
# define KEY '_','_','p','p','c','_','_'
#elif defined(__aarch64__)
# define KEY '_','_','a','a','r','c','h','6','4','_','_'
#elif defined(__ARM_ARCH_7A__)
# define KEY '_','_','A','R','M','_','A','R','C','H','_','7','A','_','_'
#elif defined(__ARM_ARCH_7S__)
# define KEY '_','_','A','R','M','_','A','R','C','H','_','7','S','_','_'
#endif

#define SIZE (sizeof(off64_t))
static char info_size[] =  {'I', 'N', 'F', 'O', ':', 's','i','z','e','[',
  ('0' + ((SIZE / 10000)%10)),
  ('0' + ((SIZE / 1000)%10)),
  ('0' + ((SIZE / 100)%10)),
  ('0' + ((SIZE / 10)%10)),
  ('0' +  (SIZE    % 10)),
  ']',
#ifdef KEY
  ' ','k','e','y','[', KEY, ']',
#endif
  '\0'};

#ifdef __CLASSIC_C__
int main(argc, argv) int argc; char *argv[];
#else
int main(int argc, char *argv[])
#endif
{
  int require = 0;
  require += info_size[argc];
  (void)argv;
  return require;
}


Determining if the function memmove exists failed with the following output:
Change Dir: D:/ISADORA/01_CREATION_DOCS/Giuseppe/node_modules/opencv-build/opencv/build/CMakeFiles/CMakeTmp

Run Build Command(s):C:/Program Files (x86)/Microsoft Visual Studio/2017/BuildTools/MSBuild/15.0/Bin/MSBuild.exe cmTC_dea75.vcxproj /p:Configuration=Release /p:Platform=x64 /p:VisualStudioVersion=15.0 /v:m && Microsoft (R) Build Engine version 15.9.21+g9802d43bc3 pour .NET Framework
Copyright (C) Microsoft Corporation. Tous droits réservés.

  Compilateur d'optimisation Microsoft (R) C/C++ version 19.16.27041 pour x64
  Copyright (C) Microsoft Corporation. Tous droits réservés.
  
  cl /c /W3 /WX- /diagnostics:classic /MP8 /O2 /Ob2 /Oi /D WIN32 /D _WINDOWS /D _CRT_SECURE_NO_DEPRECATE /D _CRT_NONSTDC_NO_DEPRECATE /D _SCL_SECURE_NO_WARNINGS /D CHECK_FUNCTION_EXISTS=memmove /D NDEBUG /D "CMAKE_INTDIR=\"Release\"" /D _MBCS /Gm- /MD /GS /Gy /fp:precise /Zc:wchar_t /Zc:forScope /Zc:inline /Fo"cmTC_dea75.dir\Release\\" /Fd"cmTC_dea75.dir\Release\vc141.pdb" /Gd /TC /errorReport:queue  /bigobj "C:\Program Files\CMake\share\cmake-3.18\Modules\CheckFunctionExists.c"
  CheckFunctionExists.c
  
C:\Program Files\CMake\share\cmake-3.18\Modules\CheckFunctionExists.c(7): warning C4391: 'char memmove(void)' : type de retour incorrect pour la fonction intrinsèque, 'void' attendu [D:\ISADORA\01_CREATION_DOCS\Giuseppe\node_modules\opencv-build\opencv\build\CMakeFiles\CMakeTmp\cmTC_dea75.vcxproj]
C:\Program Files\CMake\share\cmake-3.18\Modules\CheckFunctionExists.c(7): warning C4392: 'char memmove(void)' : nombre d'arguments incorrect pour la fonction intrinsèque, '3' arguments attendus [D:\ISADORA\01_CREATION_DOCS\Giuseppe\node_modules\opencv-build\opencv\build\CMakeFiles\CMakeTmp\cmTC_dea75.vcxproj]
C:\Program Files\CMake\share\cmake-3.18\Modules\CheckFunctionExists.c(17): error C2168: 'memmove' : nombre de paramètres réels de fonction intrinsèque insuffisant [D:\ISADORA\01_CREATION_DOCS\Giuseppe\node_modules\opencv-build\opencv\build\CMakeFiles\CMakeTmp\cmTC_dea75.vcxproj]



Determining if the function strcasecmp exists failed with the following output:
Change Dir: D:/ISADORA/01_CREATION_DOCS/Giuseppe/node_modules/opencv-build/opencv/build/CMakeFiles/CMakeTmp

Run Build Command(s):C:/Program Files (x86)/Microsoft Visual Studio/2017/BuildTools/MSBuild/15.0/Bin/MSBuild.exe cmTC_7078f.vcxproj /p:Configuration=Release /p:Platform=x64 /p:VisualStudioVersion=15.0 /v:m && Microsoft (R) Build Engine version 15.9.21+g9802d43bc3 pour .NET Framework
Copyright (C) Microsoft Corporation. Tous droits réservés.

  Compilateur d'optimisation Microsoft (R) C/C++ version 19.16.27041 pour x64
  Copyright (C) Microsoft Corporation. Tous droits réservés.
  
  cl /c /W3 /WX- /diagnostics:classic /MP8 /O2 /Ob2 /Oi /D WIN32 /D _WINDOWS /D _CRT_SECURE_NO_DEPRECATE /D _CRT_NONSTDC_NO_DEPRECATE /D _SCL_SECURE_NO_WARNINGS /D CHECK_FUNCTION_EXISTS=strcasecmp /D NDEBUG /D "CMAKE_INTDIR=\"Release\"" /D _MBCS /Gm- /MD /GS /Gy /fp:precise /Zc:wchar_t /Zc:forScope /Zc:inline /Fo"cmTC_7078f.dir\Release\\" /Fd"cmTC_7078f.dir\Release\vc141.pdb" /Gd /TC /errorReport:queue  /bigobj "C:\Program Files\CMake\share\cmake-3.18\Modules\CheckFunctionExists.c"
  CheckFunctionExists.c
  
CheckFunctionExists.obj : error LNK2019: symbole externe non rÚsolu strcasecmp rÚfÚrencÚ dans la fonction main [D:\ISADORA\01_CREATION_DOCS\Giuseppe\node_modules\opencv-build\opencv\build\CMakeFiles\CMakeTmp\cmTC_7078f.vcxproj]
D:\ISADORA\01_CREATION_DOCS\Giuseppe\node_modules\opencv-build\opencv\build\CMakeFiles\CMakeTmp\Release\cmTC_7078f.exe : fatal error LNK1120: 1 externes non rÚsolus [D:\ISADORA\01_CREATION_DOCS\Giuseppe\node_modules\opencv-build\opencv\build\CMakeFiles\CMakeTmp\cmTC_7078f.vcxproj]



Determining if the function sgemm_ exists failed with the following output:
Change Dir: D:/ISADORA/01_CREATION_DOCS/Giuseppe/node_modules/opencv-build/opencv/build/CMakeFiles/CMakeTmp

Run Build Command(s):C:/Program Files (x86)/Microsoft Visual Studio/2017/BuildTools/MSBuild/15.0/Bin/MSBuild.exe cmTC_0fb1a.vcxproj /p:Configuration=Release /p:Platform=x64 /p:VisualStudioVersion=15.0 /v:m && Microsoft (R) Build Engine version 15.9.21+g9802d43bc3 pour .NET Framework
Copyright (C) Microsoft Corporation. Tous droits réservés.

  Compilateur d'optimisation Microsoft (R) C/C++ version 19.16.27041 pour x64
  Copyright (C) Microsoft Corporation. Tous droits réservés.
  
  cl /c /W3 /WX- /diagnostics:classic /MP8 /O2 /Ob2 /Oi /D WIN32 /D _WINDOWS /D _CRT_SECURE_NO_DEPRECATE /D _CRT_NONSTDC_NO_DEPRECATE /D _SCL_SECURE_NO_WARNINGS /D CHECK_FUNCTION_EXISTS=sgemm_ /D NDEBUG /D "CMAKE_INTDIR=\"Release\"" /D _MBCS /Gm- /MD /GS /Gy /fp:precise /Zc:wchar_t /Zc:forScope /Zc:inline /Fo"cmTC_0fb1a.dir\Release\\" /Fd"cmTC_0fb1a.dir\Release\vc141.pdb" /Gd /TC /errorReport:queue  /bigobj "C:\Program Files\CMake\share\cmake-3.18\Modules\CheckFunctionExists.c"
  CheckFunctionExists.c
  
CheckFunctionExists.obj : error LNK2019: symbole externe non rÚsolu sgemm_ rÚfÚrencÚ dans la fonction main [D:\ISADORA\01_CREATION_DOCS\Giuseppe\node_modules\opencv-build\opencv\build\CMakeFiles\CMakeTmp\cmTC_0fb1a.vcxproj]
D:\ISADORA\01_CREATION_DOCS\Giuseppe\node_modules\opencv-build\opencv\build\CMakeFiles\CMakeTmp\Release\cmTC_0fb1a.exe : fatal error LNK1120: 1 externes non rÚsolus [D:\ISADORA\01_CREATION_DOCS\Giuseppe\node_modules\opencv-build\opencv\build\CMakeFiles\CMakeTmp\cmTC_0fb1a.vcxproj]



Determining if the include file pthread.h exists failed with the following output:
Change Dir: D:/ISADORA/01_CREATION_DOCS/Giuseppe/node_modules/opencv-build/opencv/build/CMakeFiles/CMakeTmp

Run Build Command(s):C:/Program Files (x86)/Microsoft Visual Studio/2017/BuildTools/MSBuild/15.0/Bin/MSBuild.exe cmTC_e2513.vcxproj /p:Configuration=Release /p:Platform=x64 /p:VisualStudioVersion=15.0 /v:m && Microsoft (R) Build Engine version 15.9.21+g9802d43bc3 pour .NET Framework
Copyright (C) Microsoft Corporation. Tous droits réservés.

  Compilateur d'optimisation Microsoft (R) C/C++ version 19.16.27041 pour x64
  Copyright (C) Microsoft Corporation. Tous droits réservés.
  
  cl /c /W3 /WX- /diagnostics:classic /MP8 /O2 /Ob2 /Oi /D WIN32 /D _WINDOWS /D _CRT_SECURE_NO_DEPRECATE /D _CRT_NONSTDC_NO_DEPRECATE /D _SCL_SECURE_NO_WARNINGS /D NDEBUG /D "CMAKE_INTDIR=\"Release\"" /D _MBCS /Gm- /MD /GS /Gy /fp:precise /Zc:wchar_t /Zc:forScope /Zc:inline /Fo"cmTC_e2513.dir\Release\\" /Fd"cmTC_e2513.dir\Release\vc141.pdb" /Gd /TC /errorReport:queue  /bigobj "D:\ISADORA\01_CREATION_DOCS\Giuseppe\node_modules\opencv-build\opencv\build\CMakeFiles\CMakeTmp\CheckIncludeFile.c"
  CheckIncludeFile.c
  
D:\ISADORA\01_CREATION_DOCS\Giuseppe\node_modules\opencv-build\opencv\build\CMakeFiles\CMakeTmp\CheckIncludeFile.c(1): fatal error C1083: Impossible d'ouvrir le fichier include : 'pthread.h' : No such file or directory [D:\ISADORA\01_CREATION_DOCS\Giuseppe\node_modules\opencv-build\opencv\build\CMakeFiles\CMakeTmp\cmTC_e2513.vcxproj]



